This file contains any messages produced by compilers while
running configure, to aid debugging if configure makes a mistake.

It was created by FULL-PACKAGE-NAME configure VERSION, which was
generated by GNU Autoconf 2.69.  Invocation command line was

  $ ./configure 

## --------- ##
## Platform. ##
## --------- ##

hostname = abhinavs-book.local
uname -m = x86_64
uname -r = 11.4.2
uname -s = Darwin
uname -v = Darwin Kernel Version 11.4.2: Thu Aug 23 16:25:48 PDT 2012; root:xnu-1699.32.7~1/RELEASE_X86_64

/usr/bin/uname -p = i386
/bin/uname -X     = unknown

/bin/arch              = unknown
/usr/bin/arch -k       = unknown
/usr/convex/getsysinfo = unknown
/usr/bin/hostinfo      = Mach kernel version:
	 Darwin Kernel Version 11.4.2: Thu Aug 23 16:25:48 PDT 2012; root:xnu-1699.32.7~1/RELEASE_X86_64
Kernel configured for up to 8 processors.
4 processors are physically available.
8 processors are logically available.
Processor type: i486 (Intel 80486)
Processors active: 0 1 2 3 4 5 6 7
Primary memory available: 8.00 gigabytes
Default processor set: 150 tasks, 862 threads, 8 processors
Load average: 2.04, Mach factor: 5.95
/bin/machine           = unknown
/usr/bin/oslevel       = unknown
/bin/universe          = unknown

PATH: /opt/local/bin
PATH: /opt/local/sbin
PATH: /opt/local/bin
PATH: /opt/local/sbin
PATH: /opt/local/bin
PATH: /opt/local/sbin
PATH: /usr/bin
PATH: /bin
PATH: /usr/sbin
PATH: /sbin
PATH: /usr/local/bin
PATH: /usr/X11/bin


## ----------- ##
## Core tests. ##
## ----------- ##

configure:2476: checking for a BSD-compatible install
configure:2544: result: /usr/bin/install -c
configure:2555: checking whether build environment is sane
configure:2592: result: yes
configure:2617: checking for a thread-safe mkdir -p
configure:2656: result: ./install-sh -c -d
configure:2669: checking for gawk
configure:2699: result: no
configure:2669: checking for mawk
configure:2699: result: no
configure:2669: checking for nawk
configure:2699: result: no
configure:2669: checking for awk
configure:2685: found /usr/bin/awk
configure:2696: result: awk
configure:2707: checking whether make sets $(MAKE)
configure:2729: result: yes
configure:2943: checking build system type
configure:2957: result: i386-apple-darwin11.4.2
configure:2977: checking host system type
configure:2990: result: i386-apple-darwin11.4.2
configure:3031: checking how to print strings
configure:3058: result: printf
configure:3091: checking for style of include used by make
configure:3119: result: GNU
configure:3189: checking for gcc
configure:3205: found /usr/bin/gcc
configure:3216: result: gcc
configure:3445: checking for C compiler version
configure:3454: gcc --version >&5
i686-apple-darwin11-llvm-gcc-4.2 (GCC) 4.2.1 (Based on Apple Inc. build 5658) (LLVM build 2335.15.00)
Copyright (C) 2007 Free Software Foundation, Inc.
This is free software; see the source for copying conditions.  There is NO
warranty; not even for MERCHANTABILITY or FITNESS FOR A PARTICULAR PURPOSE.

configure:3465: $? = 0
configure:3454: gcc -v >&5
Using built-in specs.
Target: i686-apple-darwin11
Configured with: /private/var/tmp/llvmgcc42/llvmgcc42-2335.15~25/src/configure --disable-checking --enable-werror --prefix=/Developer/usr/llvm-gcc-4.2 --mandir=/share/man --enable-languages=c,objc,c++,obj-c++ --program-prefix=llvm- --program-transform-name=/^[cg][^.-]*$/s/$/-4.2/ --with-slibdir=/usr/lib --build=i686-apple-darwin11 --enable-llvm=/private/var/tmp/llvmgcc42/llvmgcc42-2335.15~25/dst-llvmCore/Developer/usr/local --program-prefix=i686-apple-darwin11- --host=x86_64-apple-darwin11 --target=i686-apple-darwin11 --with-gxx-include-dir=/usr/include/c++/4.2.1
Thread model: posix
gcc version 4.2.1 (Based on Apple Inc. build 5658) (LLVM build 2335.15.00)
configure:3465: $? = 0
configure:3454: gcc -V >&5
llvm-gcc-4.2: argument to `-V' is missing
configure:3465: $? = 1
configure:3454: gcc -qversion >&5
i686-apple-darwin11-llvm-gcc-4.2: no input files
configure:3465: $? = 1
configure:3485: checking whether the C compiler works
configure:3507: gcc    conftest.c  >&5
configure:3511: $? = 0
configure:3559: result: yes
configure:3562: checking for C compiler default output file name
configure:3564: result: a.out
configure:3570: checking for suffix of executables
configure:3577: gcc -o conftest    conftest.c  >&5
configure:3581: $? = 0
configure:3603: result: 
configure:3625: checking whether we are cross compiling
configure:3633: gcc -o conftest    conftest.c  >&5
configure:3637: $? = 0
configure:3644: ./conftest
configure:3648: $? = 0
configure:3663: result: no
configure:3668: checking for suffix of object files
configure:3690: gcc -c   conftest.c >&5
configure:3694: $? = 0
configure:3715: result: o
configure:3719: checking whether we are using the GNU C compiler
configure:3738: gcc -c   conftest.c >&5
configure:3738: $? = 0
configure:3747: result: yes
configure:3756: checking whether gcc accepts -g
configure:3776: gcc -c -g  conftest.c >&5
configure:3776: $? = 0
configure:3817: result: yes
configure:3834: checking for gcc option to accept ISO C89
configure:3897: gcc  -c -g -O2  conftest.c >&5
configure:3897: $? = 0
configure:3910: result: none needed
configure:3932: checking dependency style of gcc
configure:4023: result: gcc3
configure:4038: checking for a sed that does not truncate output
configure:4102: result: /usr/bin/sed
configure:4120: checking for grep that handles long lines and -e
configure:4178: result: /usr/bin/grep
configure:4183: checking for egrep
configure:4245: result: /usr/bin/grep -E
configure:4250: checking for fgrep
configure:4312: result: /usr/bin/grep -F
configure:4347: checking for ld used by gcc
configure:4414: result: /usr/llvm-gcc-4.2/libexec/gcc/i686-apple-darwin11/4.2.1/ld
configure:4421: checking if the linker (/usr/llvm-gcc-4.2/libexec/gcc/i686-apple-darwin11/4.2.1/ld) is GNU ld
configure:4436: result: no
configure:4448: checking for BSD- or MS-compatible name lister (nm)
configure:4497: result: /usr/bin/nm
configure:4627: checking the name lister (/usr/bin/nm) interface
configure:4634: gcc -c -g -O2  conftest.c >&5
configure:4637: /usr/bin/nm "conftest.o"
configure:4640: output
0000000000000188 S _some_variable
configure:4647: result: BSD nm
configure:4650: checking whether ln -s works
configure:4654: result: yes
configure:4662: checking the maximum length of command line arguments
configure:4787: result: 196608
configure:4804: checking whether the shell understands some XSI constructs
configure:4814: result: yes
configure:4818: checking whether the shell understands "+="
configure:4824: result: yes
configure:4859: checking for /usr/llvm-gcc-4.2/libexec/gcc/i686-apple-darwin11/4.2.1/ld option to reload object files
configure:4866: result: -r
configure:4935: checking for objdump
configure:4965: result: no
configure:4994: checking how to recognize dependent libraries
configure:5196: result: pass_all
configure:5256: checking for ar
configure:5272: found /usr/bin/ar
configure:5283: result: ar
configure:5361: checking for strip
configure:5377: found /usr/bin/strip
configure:5388: result: strip
configure:5460: checking for ranlib
configure:5476: found /usr/bin/ranlib
configure:5487: result: ranlib
configure:5589: checking command to parse /usr/bin/nm output from gcc object
configure:5707: gcc -c -g -O2  conftest.c >&5
configure:5710: $? = 0
configure:5714: /usr/bin/nm conftest.o \| sed -n -e 's/^.*[ ]\([BCDEGRST][BCDEGRST]*\)[ ][ ]*\([_A-Za-z][_A-Za-z0-9]*\)$/\1 \2 \2/p' \> conftest.nm
configure:5717: $? = 0
cannot find nm_test_var in conftest.nm
configure:5707: gcc -c -g -O2  conftest.c >&5
configure:5710: $? = 0
configure:5714: /usr/bin/nm conftest.o \| sed -n -e 's/^.*[ ]\([BCDEGRST][BCDEGRST]*\)[ ][ ]*_\([_A-Za-z][_A-Za-z0-9]*\)$/\1 _\2 \2/p' \> conftest.nm
configure:5717: $? = 0
configure:5771: gcc -o conftest -g -O2   conftest.c conftstm.o >&5
configure:5774: $? = 0
configure:5812: result: ok
configure:6077: checking for dsymutil
configure:6093: found /usr/bin/dsymutil
configure:6104: result: dsymutil
configure:6169: checking for nmedit
configure:6185: found /usr/bin/nmedit
configure:6196: result: nmedit
configure:6261: checking for lipo
configure:6277: found /usr/bin/lipo
configure:6288: result: lipo
configure:6353: checking for otool
configure:6369: found /usr/bin/otool
configure:6380: result: otool
configure:6445: checking for otool64
configure:6475: result: no
configure:6520: checking for -single_module linker flag
gcc -g -O2  -o libconftest.dylib -dynamiclib -Wl,-single_module conftest.c
configure:6547: result: yes
configure:6549: checking for -exported_symbols_list linker flag
configure:6569: gcc -o conftest -g -O2   -Wl,-exported_symbols_list,conftest.sym conftest.c  >&5
configure:6569: $? = 0
configure:6579: result: yes
configure:6581: checking for -force_load linker flag
gcc -g -O2 -c -o conftest.o conftest.c
ar cru libconftest.a conftest.o
ranlib libconftest.a
gcc -g -O2  -o conftest conftest.c -Wl,-force_load,./libconftest.a
configure:6611: result: yes
configure:6653: checking how to run the C preprocessor
configure:6684: gcc -E  conftest.c
configure:6684: $? = 0
configure:6698: gcc -E  conftest.c
conftest.c:11:28: error: ac_nonexistent.h: No such file or directory
configure:6698: $? = 1
configure: failed program was:
| /* confdefs.h */
| #define PACKAGE_NAME "FULL-PACKAGE-NAME"
| #define PACKAGE_TARNAME "full-package-name"
| #define PACKAGE_VERSION "VERSION"
| #define PACKAGE_STRING "FULL-PACKAGE-NAME VERSION"
| #define PACKAGE_BUGREPORT "abhinav@couchbase.com"
| #define PACKAGE_URL ""
| #define PACKAGE "full-package-name"
| #define VERSION "VERSION"
| /* end confdefs.h.  */
| #include <ac_nonexistent.h>
configure:6723: result: gcc -E
configure:6743: gcc -E  conftest.c
configure:6743: $? = 0
configure:6757: gcc -E  conftest.c
conftest.c:11:28: error: ac_nonexistent.h: No such file or directory
configure:6757: $? = 1
configure: failed program was:
| /* confdefs.h */
| #define PACKAGE_NAME "FULL-PACKAGE-NAME"
| #define PACKAGE_TARNAME "full-package-name"
| #define PACKAGE_VERSION "VERSION"
| #define PACKAGE_STRING "FULL-PACKAGE-NAME VERSION"
| #define PACKAGE_BUGREPORT "abhinav@couchbase.com"
| #define PACKAGE_URL ""
| #define PACKAGE "full-package-name"
| #define VERSION "VERSION"
| /* end confdefs.h.  */
| #include <ac_nonexistent.h>
configure:6786: checking for ANSI C header files
configure:6806: gcc -c -g -O2  conftest.c >&5
configure:6806: $? = 0
configure:6879: gcc -o conftest -g -O2   conftest.c  >&5
configure:6879: $? = 0
configure:6879: ./conftest
configure:6879: $? = 0
configure:6890: result: yes
configure:6903: checking for sys/types.h
configure:6903: gcc -c -g -O2  conftest.c >&5
configure:6903: $? = 0
configure:6903: result: yes
configure:6903: checking for sys/stat.h
configure:6903: gcc -c -g -O2  conftest.c >&5
configure:6903: $? = 0
configure:6903: result: yes
configure:6903: checking for stdlib.h
configure:6903: gcc -c -g -O2  conftest.c >&5
configure:6903: $? = 0
configure:6903: result: yes
configure:6903: checking for string.h
configure:6903: gcc -c -g -O2  conftest.c >&5
configure:6903: $? = 0
configure:6903: result: yes
configure:6903: checking for memory.h
configure:6903: gcc -c -g -O2  conftest.c >&5
configure:6903: $? = 0
configure:6903: result: yes
configure:6903: checking for strings.h
configure:6903: gcc -c -g -O2  conftest.c >&5
configure:6903: $? = 0
configure:6903: result: yes
configure:6903: checking for inttypes.h
configure:6903: gcc -c -g -O2  conftest.c >&5
configure:6903: $? = 0
configure:6903: result: yes
configure:6903: checking for stdint.h
configure:6903: gcc -c -g -O2  conftest.c >&5
configure:6903: $? = 0
configure:6903: result: yes
configure:6903: checking for unistd.h
configure:6903: gcc -c -g -O2  conftest.c >&5
configure:6903: $? = 0
configure:6903: result: yes
configure:6917: checking for dlfcn.h
configure:6917: gcc -c -g -O2  conftest.c >&5
configure:6917: $? = 0
configure:6917: result: yes
configure:7104: checking for objdir
configure:7119: result: .libs
configure:7390: checking if gcc supports -fno-rtti -fno-exceptions
configure:7408: gcc -c -g -O2  -fno-rtti -fno-exceptions conftest.c >&5
cc1: warning: command line option "-fno-rtti" is valid for C++/ObjC++ but not for C
configure:7412: $? = 0
configure:7425: result: no
configure:7445: checking for gcc option to produce PIC
configure:7730: result: -fno-common -DPIC
configure:7742: checking if gcc PIC flag -fno-common -DPIC works
configure:7760: gcc -c -g -O2  -fno-common -DPIC -DPIC conftest.c >&5
configure:7764: $? = 0
configure:7777: result: yes
configure:7801: checking if gcc static flag -static works
configure:7829: result: no
configure:7844: checking if gcc supports -c -o file.o
configure:7865: gcc -c -g -O2  -o out/conftest2.o conftest.c >&5
configure:7869: $? = 0
configure:7891: result: yes
configure:7899: checking if gcc supports -c -o file.o
configure:7946: result: yes
configure:7979: checking whether the gcc linker (/usr/llvm-gcc-4.2/libexec/gcc/i686-apple-darwin11/4.2.1/ld) supports shared libraries
configure:9054: result: yes
configure:9299: checking dynamic linker characteristics
configure:9976: result: darwin11.4.2 dyld
configure:10083: checking how to hardcode library paths into programs
configure:10108: result: immediate
configure:10648: checking whether stripping libraries is possible
configure:10662: result: yes
configure:10688: checking if libtool supports shared libraries
configure:10690: result: yes
configure:10693: checking whether to build shared libraries
configure:10714: result: yes
configure:10717: checking whether to build static libraries
configure:10721: result: yes
configure:10816: checking for g++
configure:10832: found /usr/bin/g++
configure:10843: result: g++
configure:10870: checking for C++ compiler version
configure:10879: g++ --version >&5
i686-apple-darwin11-llvm-g++-4.2 (GCC) 4.2.1 (Based on Apple Inc. build 5658) (LLVM build 2335.15.00)
Copyright (C) 2007 Free Software Foundation, Inc.
This is free software; see the source for copying conditions.  There is NO
warranty; not even for MERCHANTABILITY or FITNESS FOR A PARTICULAR PURPOSE.

configure:10890: $? = 0
configure:10879: g++ -v >&5
Using built-in specs.
Target: i686-apple-darwin11
Configured with: /private/var/tmp/llvmgcc42/llvmgcc42-2335.15~25/src/configure --disable-checking --enable-werror --prefix=/Developer/usr/llvm-gcc-4.2 --mandir=/share/man --enable-languages=c,objc,c++,obj-c++ --program-prefix=llvm- --program-transform-name=/^[cg][^.-]*$/s/$/-4.2/ --with-slibdir=/usr/lib --build=i686-apple-darwin11 --enable-llvm=/private/var/tmp/llvmgcc42/llvmgcc42-2335.15~25/dst-llvmCore/Developer/usr/local --program-prefix=i686-apple-darwin11- --host=x86_64-apple-darwin11 --target=i686-apple-darwin11 --with-gxx-include-dir=/usr/include/c++/4.2.1
Thread model: posix
gcc version 4.2.1 (Based on Apple Inc. build 5658) (LLVM build 2335.15.00)
configure:10890: $? = 0
configure:10879: g++ -V >&5
llvm-g++-4.2: argument to `-V' is missing
configure:10890: $? = 1
configure:10879: g++ -qversion >&5
i686-apple-darwin11-llvm-g++-4.2: no input files
configure:10890: $? = 1
configure:10894: checking whether we are using the GNU C++ compiler
configure:10913: g++ -c   conftest.cpp >&5
configure:10913: $? = 0
configure:10922: result: yes
configure:10931: checking whether g++ accepts -g
configure:10951: g++ -c -g  conftest.cpp >&5
configure:10951: $? = 0
configure:10992: result: yes
configure:11017: checking dependency style of g++
configure:11108: result: gcc3
configure:11131: checking how to run the C++ preprocessor
configure:11158: g++ -E  conftest.cpp
configure:11158: $? = 0
configure:11172: g++ -E  conftest.cpp
conftest.cpp:23:28: error: ac_nonexistent.h: No such file or directory
configure:11172: $? = 1
configure: failed program was:
| /* confdefs.h */
| #define PACKAGE_NAME "FULL-PACKAGE-NAME"
| #define PACKAGE_TARNAME "full-package-name"
| #define PACKAGE_VERSION "VERSION"
| #define PACKAGE_STRING "FULL-PACKAGE-NAME VERSION"
| #define PACKAGE_BUGREPORT "abhinav@couchbase.com"
| #define PACKAGE_URL ""
| #define PACKAGE "full-package-name"
| #define VERSION "VERSION"
| #define STDC_HEADERS 1
| #define HAVE_SYS_TYPES_H 1
| #define HAVE_SYS_STAT_H 1
| #define HAVE_STDLIB_H 1
| #define HAVE_STRING_H 1
| #define HAVE_MEMORY_H 1
| #define HAVE_STRINGS_H 1
| #define HAVE_INTTYPES_H 1
| #define HAVE_STDINT_H 1
| #define HAVE_UNISTD_H 1
| #define HAVE_DLFCN_H 1
| #define LT_OBJDIR ".libs/"
| /* end confdefs.h.  */
| #include <ac_nonexistent.h>
configure:11197: result: g++ -E
configure:11217: g++ -E  conftest.cpp
configure:11217: $? = 0
configure:11231: g++ -E  conftest.cpp
conftest.cpp:23:28: error: ac_nonexistent.h: No such file or directory
configure:11231: $? = 1
configure: failed program was:
| /* confdefs.h */
| #define PACKAGE_NAME "FULL-PACKAGE-NAME"
| #define PACKAGE_TARNAME "full-package-name"
| #define PACKAGE_VERSION "VERSION"
| #define PACKAGE_STRING "FULL-PACKAGE-NAME VERSION"
| #define PACKAGE_BUGREPORT "abhinav@couchbase.com"
| #define PACKAGE_URL ""
| #define PACKAGE "full-package-name"
| #define VERSION "VERSION"
| #define STDC_HEADERS 1
| #define HAVE_SYS_TYPES_H 1
| #define HAVE_SYS_STAT_H 1
| #define HAVE_STDLIB_H 1
| #define HAVE_STRING_H 1
| #define HAVE_MEMORY_H 1
| #define HAVE_STRINGS_H 1
| #define HAVE_INTTYPES_H 1
| #define HAVE_STDINT_H 1
| #define HAVE_UNISTD_H 1
| #define HAVE_DLFCN_H 1
| #define LT_OBJDIR ".libs/"
| /* end confdefs.h.  */
| #include <ac_nonexistent.h>
configure:11399: checking for ld used by g++
configure:11466: result: /usr/llvm-gcc-4.2/libexec/gcc/i686-apple-darwin11/4.2.1/ld
configure:11473: checking if the linker (/usr/llvm-gcc-4.2/libexec/gcc/i686-apple-darwin11/4.2.1/ld) is GNU ld
configure:11488: result: no
configure:11543: checking whether the g++ linker (/usr/llvm-gcc-4.2/libexec/gcc/i686-apple-darwin11/4.2.1/ld) supports shared libraries
configure:12475: result: yes
configure:12503: g++ -c -g -O2  conftest.cpp >&5
configure:12506: $? = 0
configure:12688: checking for g++ option to produce PIC
configure:13010: result: -fno-common -DPIC
configure:13019: checking if g++ PIC flag -fno-common -DPIC works
configure:13037: g++ -c -g -O2  -fno-common -DPIC -DPIC conftest.cpp >&5
configure:13041: $? = 0
configure:13054: result: yes
configure:13075: checking if g++ static flag -static works
configure:13103: result: no
configure:13115: checking if g++ supports -c -o file.o
configure:13136: g++ -c -g -O2  -o out/conftest2.o conftest.cpp >&5
configure:13140: $? = 0
configure:13162: result: yes
configure:13167: checking if g++ supports -c -o file.o
configure:13214: result: yes
configure:13244: checking whether the g++ linker (/usr/llvm-gcc-4.2/libexec/gcc/i686-apple-darwin11/4.2.1/ld) supports shared libraries
configure:13272: result: yes
configure:13415: checking dynamic linker characteristics
configure:14026: result: darwin11.4.2 dyld
configure:14079: checking how to hardcode library paths into programs
configure:14104: result: immediate
configure:14150: checking for stdint.h
configure:14150: result: yes
configure:14150: checking for stdlib.h
configure:14150: result: yes
configure:14150: checking for string.h
configure:14150: result: yes
configure:14150: checking for unistd.h
configure:14150: result: yes
configure:14162: checking for stdbool.h that conforms to C99
configure:14229: gcc -c -g -O2  conftest.c >&5
configure:14229: $? = 0
configure:14236: result: yes
configure:14238: checking for _Bool
configure:14238: gcc -c -g -O2  conftest.c >&5
configure:14238: $? = 0
configure:14238: gcc -c -g -O2  conftest.c >&5
conftest.c: In function 'main':
conftest.c:63: error: expected expression before ')' token
configure:14238: $? = 1
configure: failed program was:
| /* confdefs.h */
| #define PACKAGE_NAME "FULL-PACKAGE-NAME"
| #define PACKAGE_TARNAME "full-package-name"
| #define PACKAGE_VERSION "VERSION"
| #define PACKAGE_STRING "FULL-PACKAGE-NAME VERSION"
| #define PACKAGE_BUGREPORT "abhinav@couchbase.com"
| #define PACKAGE_URL ""
| #define PACKAGE "full-package-name"
| #define VERSION "VERSION"
| #define STDC_HEADERS 1
| #define HAVE_SYS_TYPES_H 1
| #define HAVE_SYS_STAT_H 1
| #define HAVE_STDLIB_H 1
| #define HAVE_STRING_H 1
| #define HAVE_MEMORY_H 1
| #define HAVE_STRINGS_H 1
| #define HAVE_INTTYPES_H 1
| #define HAVE_STDINT_H 1
| #define HAVE_UNISTD_H 1
| #define HAVE_DLFCN_H 1
| #define LT_OBJDIR ".libs/"
| #define HAVE_STDINT_H 1
| #define HAVE_STDLIB_H 1
| #define HAVE_STRING_H 1
| #define HAVE_UNISTD_H 1
| /* end confdefs.h.  */
| #include <stdio.h>
| #ifdef HAVE_SYS_TYPES_H
| # include <sys/types.h>
| #endif
| #ifdef HAVE_SYS_STAT_H
| # include <sys/stat.h>
| #endif
| #ifdef STDC_HEADERS
| # include <stdlib.h>
| # include <stddef.h>
| #else
| # ifdef HAVE_STDLIB_H
| #  include <stdlib.h>
| # endif
| #endif
| #ifdef HAVE_STRING_H
| # if !defined STDC_HEADERS && defined HAVE_MEMORY_H
| #  include <memory.h>
| # endif
| # include <string.h>
| #endif
| #ifdef HAVE_STRINGS_H
| # include <strings.h>
| #endif
| #ifdef HAVE_INTTYPES_H
| # include <inttypes.h>
| #endif
| #ifdef HAVE_STDINT_H
| # include <stdint.h>
| #endif
| #ifdef HAVE_UNISTD_H
| # include <unistd.h>
| #endif
| int
| main ()
| {
| if (sizeof ((_Bool)))
| 	    return 0;
|   ;
|   return 0;
| }
configure:14238: result: yes
configure:14249: checking for uint32_t
configure:14249: gcc -c -g -O2  conftest.c >&5
configure:14249: $? = 0
configure:14249: result: yes
configure:14263: checking for size_t
configure:14263: gcc -c -g -O2  conftest.c >&5
configure:14263: $? = 0
configure:14263: gcc -c -g -O2  conftest.c >&5
conftest.c: In function 'main':
conftest.c:64: error: expected expression before ')' token
configure:14263: $? = 1
configure: failed program was:
| /* confdefs.h */
| #define PACKAGE_NAME "FULL-PACKAGE-NAME"
| #define PACKAGE_TARNAME "full-package-name"
| #define PACKAGE_VERSION "VERSION"
| #define PACKAGE_STRING "FULL-PACKAGE-NAME VERSION"
| #define PACKAGE_BUGREPORT "abhinav@couchbase.com"
| #define PACKAGE_URL ""
| #define PACKAGE "full-package-name"
| #define VERSION "VERSION"
| #define STDC_HEADERS 1
| #define HAVE_SYS_TYPES_H 1
| #define HAVE_SYS_STAT_H 1
| #define HAVE_STDLIB_H 1
| #define HAVE_STRING_H 1
| #define HAVE_MEMORY_H 1
| #define HAVE_STRINGS_H 1
| #define HAVE_INTTYPES_H 1
| #define HAVE_STDINT_H 1
| #define HAVE_UNISTD_H 1
| #define HAVE_DLFCN_H 1
| #define LT_OBJDIR ".libs/"
| #define HAVE_STDINT_H 1
| #define HAVE_STDLIB_H 1
| #define HAVE_STRING_H 1
| #define HAVE_UNISTD_H 1
| #define HAVE__BOOL 1
| /* end confdefs.h.  */
| #include <stdio.h>
| #ifdef HAVE_SYS_TYPES_H
| # include <sys/types.h>
| #endif
| #ifdef HAVE_SYS_STAT_H
| # include <sys/stat.h>
| #endif
| #ifdef STDC_HEADERS
| # include <stdlib.h>
| # include <stddef.h>
| #else
| # ifdef HAVE_STDLIB_H
| #  include <stdlib.h>
| # endif
| #endif
| #ifdef HAVE_STRING_H
| # if !defined STDC_HEADERS && defined HAVE_MEMORY_H
| #  include <memory.h>
| # endif
| # include <string.h>
| #endif
| #ifdef HAVE_STRINGS_H
| # include <strings.h>
| #endif
| #ifdef HAVE_INTTYPES_H
| # include <inttypes.h>
| #endif
| #ifdef HAVE_STDINT_H
| # include <stdint.h>
| #endif
| #ifdef HAVE_UNISTD_H
| # include <unistd.h>
| #endif
| int
| main ()
| {
| if (sizeof ((size_t)))
| 	    return 0;
|   ;
|   return 0;
| }
configure:14263: result: yes
configure:14274: checking for uint64_t
configure:14274: gcc -c -g -O2  conftest.c >&5
configure:14274: $? = 0
configure:14274: result: yes
configure:14288: checking for uint8_t
configure:14288: gcc -c -g -O2  conftest.c >&5
configure:14288: $? = 0
configure:14288: result: yes
configure:14307: checking for strdup
configure:14307: gcc -o conftest -g -O2   conftest.c  >&5
conftest.c:51: warning: conflicting types for built-in function 'strdup'
configure:14307: $? = 0
configure:14307: result: yes
configure:14307: checking for strerror
configure:14307: gcc -o conftest -g -O2   conftest.c  >&5
configure:14307: $? = 0
configure:14307: result: yes
configure:14444: creating ./config.status

## ---------------------- ##
## Running config.status. ##
## ---------------------- ##

This file was extended by FULL-PACKAGE-NAME config.status VERSION, which was
generated by GNU Autoconf 2.69.  Invocation command line was

  CONFIG_FILES    = 
  CONFIG_HEADERS  = 
  CONFIG_LINKS    = 
  CONFIG_COMMANDS = 
  $ ./config.status 

on abhinavs-book.local

config.status:1128: creating Makefile
config.status:1128: creating config.h
config.status:1309: config.h is unchanged
config.status:1356: executing depfiles commands
config.status:1356: executing libtool commands

## ---------------- ##
## Cache variables. ##
## ---------------- ##

ac_cv_build=i386-apple-darwin11.4.2
ac_cv_c_compiler_gnu=yes
ac_cv_c_uint32_t=yes
ac_cv_c_uint64_t=yes
ac_cv_c_uint8_t=yes
ac_cv_cxx_compiler_gnu=yes
ac_cv_env_CCC_set=
ac_cv_env_CCC_value=
ac_cv_env_CC_set=
ac_cv_env_CC_value=
ac_cv_env_CFLAGS_set=
ac_cv_env_CFLAGS_value=
ac_cv_env_CPPFLAGS_set=
ac_cv_env_CPPFLAGS_value=
ac_cv_env_CPP_set=
ac_cv_env_CPP_value=
ac_cv_env_CXXCPP_set=
ac_cv_env_CXXCPP_value=
ac_cv_env_CXXFLAGS_set=
ac_cv_env_CXXFLAGS_value=
ac_cv_env_CXX_set=
ac_cv_env_CXX_value=
ac_cv_env_LDFLAGS_set=
ac_cv_env_LDFLAGS_value=
ac_cv_env_LIBS_set=
ac_cv_env_LIBS_value=
ac_cv_env_build_alias_set=
ac_cv_env_build_alias_value=
ac_cv_env_host_alias_set=
ac_cv_env_host_alias_value=
ac_cv_env_target_alias_set=
ac_cv_env_target_alias_value=
ac_cv_func_strdup=yes
ac_cv_func_strerror=yes
ac_cv_header_dlfcn_h=yes
ac_cv_header_inttypes_h=yes
ac_cv_header_memory_h=yes
ac_cv_header_stdbool_h=yes
ac_cv_header_stdc=yes
ac_cv_header_stdint_h=yes
ac_cv_header_stdlib_h=yes
ac_cv_header_string_h=yes
ac_cv_header_strings_h=yes
ac_cv_header_sys_stat_h=yes
ac_cv_header_sys_types_h=yes
ac_cv_header_unistd_h=yes
ac_cv_host=i386-apple-darwin11.4.2
ac_cv_objext=o
ac_cv_path_EGREP='/usr/bin/grep -E'
ac_cv_path_FGREP='/usr/bin/grep -F'
ac_cv_path_GREP=/usr/bin/grep
ac_cv_path_SED=/usr/bin/sed
ac_cv_path_install='/usr/bin/install -c'
ac_cv_prog_AWK=awk
ac_cv_prog_CPP='gcc -E'
ac_cv_prog_CXXCPP='g++ -E'
ac_cv_prog_ac_ct_AR=ar
ac_cv_prog_ac_ct_CC=gcc
ac_cv_prog_ac_ct_CXX=g++
ac_cv_prog_ac_ct_DSYMUTIL=dsymutil
ac_cv_prog_ac_ct_LIPO=lipo
ac_cv_prog_ac_ct_NMEDIT=nmedit
ac_cv_prog_ac_ct_OTOOL=otool
ac_cv_prog_ac_ct_RANLIB=ranlib
ac_cv_prog_ac_ct_STRIP=strip
ac_cv_prog_cc_c89=
ac_cv_prog_cc_g=yes
ac_cv_prog_cxx_g=yes
ac_cv_prog_make_make_set=yes
ac_cv_type__Bool=yes
ac_cv_type_size_t=yes
am_cv_CC_dependencies_compiler_type=gcc3
am_cv_CXX_dependencies_compiler_type=gcc3
lt_cv_apple_cc_single_mod=yes
lt_cv_deplibs_check_method=pass_all
lt_cv_file_magic_cmd='$MAGIC_CMD'
lt_cv_file_magic_test_file=
lt_cv_ld_exported_symbols_list=yes
lt_cv_ld_force_load=yes
lt_cv_ld_reload_flag=-r
lt_cv_nm_interface='BSD nm'
lt_cv_objdir=.libs
lt_cv_path_LD=/usr/llvm-gcc-4.2/libexec/gcc/i686-apple-darwin11/4.2.1/ld
lt_cv_path_LDCXX=/usr/llvm-gcc-4.2/libexec/gcc/i686-apple-darwin11/4.2.1/ld
lt_cv_path_NM=/usr/bin/nm
lt_cv_prog_compiler_c_o=yes
lt_cv_prog_compiler_c_o_CXX=yes
lt_cv_prog_compiler_pic_works=yes
lt_cv_prog_compiler_pic_works_CXX=yes
lt_cv_prog_compiler_rtti_exceptions=no
lt_cv_prog_compiler_static_works=no
lt_cv_prog_compiler_static_works_CXX=no
lt_cv_prog_gnu_ld=no
lt_cv_prog_gnu_ldcxx=no
lt_cv_sys_global_symbol_pipe='sed -n -e '\''s/^.*[	 ]\([BCDEGRST][BCDEGRST]*\)[	 ][	 ]*_\([_A-Za-z][_A-Za-z0-9]*\)$/\1 _\2 \2/p'\'''
lt_cv_sys_global_symbol_to_c_name_address='sed -n -e '\''s/^: \([^ ]*\) $/  {\"\1\", (void *) 0},/p'\'' -e '\''s/^[BCDEGRST]* \([^ ]*\) \([^ ]*\)$/  {"\2", (void *) \&\2},/p'\'''
lt_cv_sys_global_symbol_to_c_name_address_lib_prefix='sed -n -e '\''s/^: \([^ ]*\) $/  {\"\1\", (void *) 0},/p'\'' -e '\''s/^[BCDEGRST]* \([^ ]*\) \(lib[^ ]*\)$/  {"\2", (void *) \&\2},/p'\'' -e '\''s/^[BCDEGRST]* \([^ ]*\) \([^ ]*\)$/  {"lib\2", (void *) \&\2},/p'\'''
lt_cv_sys_global_symbol_to_cdecl='sed -n -e '\''s/^T .* \(.*\)$/extern int \1();/p'\'' -e '\''s/^[BCDEGRST]* .* \(.*\)$/extern char \1;/p'\'''
lt_cv_sys_max_cmd_len=196608

## ----------------- ##
## Output variables. ##
## ----------------- ##

ACLOCAL='${SHELL} /Users/abhinav/Desktop/cbsasl/missing --run aclocal-1.10'
AMDEPBACKSLASH='\'
AMDEP_FALSE='#'
AMDEP_TRUE=''
AMTAR='${SHELL} /Users/abhinav/Desktop/cbsasl/missing --run tar'
AR='ar'
AUTOCONF='${SHELL} /Users/abhinav/Desktop/cbsasl/missing --run autoconf'
AUTOHEADER='${SHELL} /Users/abhinav/Desktop/cbsasl/missing --run autoheader'
AUTOMAKE='${SHELL} /Users/abhinav/Desktop/cbsasl/missing --run automake-1.10'
AWK='awk'
CC='gcc'
CCDEPMODE='depmode=gcc3'
CFLAGS='-g -O2'
CPP='gcc -E'
CPPFLAGS=''
CXX='g++'
CXXCPP='g++ -E'
CXXDEPMODE='depmode=gcc3'
CXXFLAGS='-g -O2'
CYGPATH_W='echo'
DEFS='-DHAVE_CONFIG_H'
DEPDIR='.deps'
DSYMUTIL='dsymutil'
DUMPBIN=''
ECHO_C='\c'
ECHO_N=''
ECHO_T=''
EGREP='/usr/bin/grep -E'
EXEEXT=''
FGREP='/usr/bin/grep -F'
GREP='/usr/bin/grep'
INSTALL_DATA='${INSTALL} -m 644'
INSTALL_PROGRAM='${INSTALL}'
INSTALL_SCRIPT='${INSTALL}'
INSTALL_STRIP_PROGRAM='$(install_sh) -c -s'
LD='/usr/llvm-gcc-4.2/libexec/gcc/i686-apple-darwin11/4.2.1/ld'
LDFLAGS=''
LIBOBJS=''
LIBS=''
LIBTOOL='$(SHELL) $(top_builddir)/libtool'
LIPO='lipo'
LN_S='ln -s'
LTLIBOBJS=''
MAKEINFO='${SHELL} /Users/abhinav/Desktop/cbsasl/missing --run makeinfo'
MKDIR_P='./install-sh -c -d'
NM='/usr/bin/nm'
NMEDIT='nmedit'
OBJDUMP='false'
OBJEXT='o'
OTOOL64=':'
OTOOL='otool'
PACKAGE='full-package-name'
PACKAGE_BUGREPORT='abhinav@couchbase.com'
PACKAGE_NAME='FULL-PACKAGE-NAME'
PACKAGE_STRING='FULL-PACKAGE-NAME VERSION'
PACKAGE_TARNAME='full-package-name'
PACKAGE_URL=''
PACKAGE_VERSION='VERSION'
PATH_SEPARATOR=':'
RANLIB='ranlib'
SED='/usr/bin/sed'
SET_MAKE=''
SHELL='/bin/sh'
STRIP='strip'
VERSION='VERSION'
ac_ct_CC='gcc'
ac_ct_CXX='g++'
ac_ct_DUMPBIN=''
am__fastdepCC_FALSE='#'
am__fastdepCC_TRUE=''
am__fastdepCXX_FALSE='#'
am__fastdepCXX_TRUE=''
am__include='include'
am__isrc=''
am__leading_dot='.'
am__quote=''
am__tar='${AMTAR} chof - "$$tardir"'
am__untar='${AMTAR} xf -'
bindir='${exec_prefix}/bin'
build='i386-apple-darwin11.4.2'
build_alias=''
build_cpu='i386'
build_os='darwin11.4.2'
build_vendor='apple'
datadir='${datarootdir}'
datarootdir='${prefix}/share'
docdir='${datarootdir}/doc/${PACKAGE_TARNAME}'
dvidir='${docdir}'
exec_prefix='${prefix}'
host='i386-apple-darwin11.4.2'
host_alias=''
host_cpu='i386'
host_os='darwin11.4.2'
host_vendor='apple'
htmldir='${docdir}'
includedir='${prefix}/include'
infodir='${datarootdir}/info'
install_sh='$(SHELL) /Users/abhinav/Desktop/cbsasl/install-sh'
libdir='${exec_prefix}/lib'
libexecdir='${exec_prefix}/libexec'
localedir='${datarootdir}/locale'
localstatedir='${prefix}/var'
mandir='${datarootdir}/man'
mkdir_p='$(top_builddir)/./install-sh -c -d'
oldincludedir='/usr/include'
pdfdir='${docdir}'
prefix='/usr/local'
program_transform_name='s,x,x,'
psdir='${docdir}'
sbindir='${exec_prefix}/sbin'
sharedstatedir='${prefix}/com'
sysconfdir='${prefix}/etc'
target_alias=''

## ----------- ##
## confdefs.h. ##
## ----------- ##

/* confdefs.h */
#define PACKAGE_NAME "FULL-PACKAGE-NAME"
#define PACKAGE_TARNAME "full-package-name"
#define PACKAGE_VERSION "VERSION"
#define PACKAGE_STRING "FULL-PACKAGE-NAME VERSION"
#define PACKAGE_BUGREPORT "abhinav@couchbase.com"
#define PACKAGE_URL ""
#define PACKAGE "full-package-name"
#define VERSION "VERSION"
#define STDC_HEADERS 1
#define HAVE_SYS_TYPES_H 1
#define HAVE_SYS_STAT_H 1
#define HAVE_STDLIB_H 1
#define HAVE_STRING_H 1
#define HAVE_MEMORY_H 1
#define HAVE_STRINGS_H 1
#define HAVE_INTTYPES_H 1
#define HAVE_STDINT_H 1
#define HAVE_UNISTD_H 1
#define HAVE_DLFCN_H 1
#define LT_OBJDIR ".libs/"
#define HAVE_STDINT_H 1
#define HAVE_STDLIB_H 1
#define HAVE_STRING_H 1
#define HAVE_UNISTD_H 1
#define HAVE__BOOL 1
#define HAVE_STRDUP 1
#define HAVE_STRERROR 1

configure: exit 0
